2025-09-24 10:27:44.616: [INFO][Sync] Reset engine, reason: 8
2025-09-24 10:27:44.616: [INFO][Sync] Stopped: Bookmarks
2025-09-24 10:27:44.616: [INFO][Sync] Stopped: Preferences
2025-09-24 10:27:44.616: [INFO][Sync] Stopped: Passwords
2025-09-24 10:27:44.616: [INFO][Sync] Stopped: Autofill Profiles
2025-09-24 10:27:44.616: [INFO][Sync] Stopped: Autofill
2025-09-24 10:27:44.616: [INFO][Sync] Stopped: Extensions
2025-09-24 10:27:44.616: [INFO][Sync] Stopped: Sessions
2025-09-24 10:27:44.616: [INFO][Sync] Stopped: Extension settings
2025-09-24 10:27:44.616: [INFO][Sync] Stopped: History Delete Directives
2025-09-24 10:27:44.616: [INFO][Sync] Stopped: Device Info
2025-09-24 10:27:44.616: [INFO][Sync] Stopped: User Consents
2025-09-24 10:27:44.616: [INFO][Sync] Stopped: Send Tab To Self
2025-09-24 10:27:44.616: [INFO][Sync] Stopped: Web Apps
2025-09-24 10:27:44.616: [INFO][Sync] Stopped: History
2025-09-24 10:27:44.616: [INFO][Sync] Stopped: Saved Tab Group
2025-09-24 10:27:44.616: [INFO][Sync] Stopped: WebAuthn Credentials
2025-09-24 10:27:44.616: [INFO][Sync] Stopped: Collection
2025-09-24 10:27:44.616: [INFO][Sync] Stopped: Edge E Drop
2025-09-24 10:27:44.616: [INFO][Sync] Stopped: Edge Hub App Usage
2025-09-24 10:27:44.616: [INFO][Sync] Stopped: Edge Wallet
2025-09-24 10:27:44.616: [INFO][Sync] SyncState after authenticated was: NotSignedIn
2025-09-24 10:27:55.005: [INFO][Sync] Reset engine, reason: 8
2025-09-24 10:27:55.005: [INFO][Sync] Stopped: Bookmarks
2025-09-24 10:27:55.005: [INFO][Sync] Stopped: Preferences
2025-09-24 10:27:55.005: [INFO][Sync] Stopped: Passwords
2025-09-24 10:27:55.005: [INFO][Sync] Stopped: Autofill Profiles
2025-09-24 10:27:55.005: [INFO][Sync] Stopped: Autofill
2025-09-24 10:27:55.005: [INFO][Sync] Stopped: Extensions
2025-09-24 10:27:55.005: [INFO][Sync] Stopped: Sessions
2025-09-24 10:27:55.005: [INFO][Sync] Stopped: Extension settings
2025-09-24 10:27:55.005: [INFO][Sync] Stopped: History Delete Directives
2025-09-24 10:27:55.005: [INFO][Sync] Stopped: Device Info
2025-09-24 10:27:55.005: [INFO][Sync] Stopped: User Consents
2025-09-24 10:27:55.005: [INFO][Sync] Stopped: Send Tab To Self
2025-09-24 10:27:55.005: [INFO][Sync] Stopped: Web Apps
2025-09-24 10:27:55.005: [INFO][Sync] Stopped: History
2025-09-24 10:27:55.005: [INFO][Sync] Stopped: Saved Tab Group
2025-09-24 10:27:55.005: [INFO][Sync] Stopped: WebAuthn Credentials
2025-09-24 10:27:55.005: [INFO][Sync] Stopped: Collection
2025-09-24 10:27:55.005: [INFO][Sync] Stopped: Edge E Drop
2025-09-24 10:27:55.005: [INFO][Sync] Stopped: Edge Hub App Usage
2025-09-24 10:27:55.005: [INFO][Sync] Stopped: Edge Wallet
2025-09-24 10:29:08.853: [INFO][Sync] Reset engine, reason: 0
2025-09-25 14:25:44.797: [INFO][Sync] Reset engine, reason: 8
2025-09-25 14:25:44.797: [INFO][Sync] Stopped: Bookmarks
2025-09-25 14:25:44.797: [INFO][Sync] Stopped: Preferences
2025-09-25 14:25:44.797: [INFO][Sync] Stopped: Passwords
2025-09-25 14:25:44.797: [INFO][Sync] Stopped: Autofill Profiles
2025-09-25 14:25:44.797: [INFO][Sync] Stopped: Autofill
2025-09-25 14:25:44.797: [INFO][Sync] Stopped: Extensions
2025-09-25 14:25:44.797: [INFO][Sync] Stopped: Sessions
2025-09-25 14:25:44.797: [INFO][Sync] Stopped: Extension settings
2025-09-25 14:25:44.797: [INFO][Sync] Stopped: History Delete Directives
2025-09-25 14:25:44.797: [INFO][Sync] Stopped: Device Info
2025-09-25 14:25:44.797: [INFO][Sync] Stopped: User Consents
2025-09-25 14:25:44.797: [INFO][Sync] Stopped: Send Tab To Self
2025-09-25 14:25:44.797: [INFO][Sync] Stopped: Web Apps
2025-09-25 14:25:44.797: [INFO][Sync] Stopped: History
2025-09-25 14:25:44.797: [INFO][Sync] Stopped: Saved Tab Group
2025-09-25 14:25:44.797: [INFO][Sync] Stopped: WebAuthn Credentials
2025-09-25 14:25:44.797: [INFO][Sync] Stopped: Collection
2025-09-25 14:25:44.797: [INFO][Sync] Stopped: Edge E Drop
2025-09-25 14:25:44.797: [INFO][Sync] Stopped: Edge Hub App Usage
2025-09-25 14:25:44.797: [INFO][Sync] Stopped: Edge Wallet
2025-09-25 14:25:44.798: [INFO][Sync] SyncState after authenticated was: NotSignedIn
2025-09-25 14:25:45.011: [INFO][Sync] Reset engine, reason: 8
2025-09-25 14:25:45.011: [INFO][Sync] Stopped: Bookmarks
2025-09-25 14:25:45.011: [INFO][Sync] Stopped: Preferences
2025-09-25 14:25:45.011: [INFO][Sync] Stopped: Passwords
2025-09-25 14:25:45.011: [INFO][Sync] Stopped: Autofill Profiles
2025-09-25 14:25:45.011: [INFO][Sync] Stopped: Autofill
2025-09-25 14:25:45.011: [INFO][Sync] Stopped: Extensions
2025-09-25 14:25:45.011: [INFO][Sync] Stopped: Sessions
2025-09-25 14:25:45.011: [INFO][Sync] Stopped: Extension settings
2025-09-25 14:25:45.011: [INFO][Sync] Stopped: History Delete Directives
2025-09-25 14:25:45.011: [INFO][Sync] Stopped: Device Info
2025-09-25 14:25:45.011: [INFO][Sync] Stopped: User Consents
2025-09-25 14:25:45.011: [INFO][Sync] Stopped: Send Tab To Self
2025-09-25 14:25:45.011: [INFO][Sync] Stopped: Web Apps
2025-09-25 14:25:45.011: [INFO][Sync] Stopped: History
2025-09-25 14:25:45.011: [INFO][Sync] Stopped: Saved Tab Group
2025-09-25 14:25:45.011: [INFO][Sync] Stopped: WebAuthn Credentials
2025-09-25 14:25:45.011: [INFO][Sync] Stopped: Collection
2025-09-25 14:25:45.011: [INFO][Sync] Stopped: Edge E Drop
2025-09-25 14:25:45.011: [INFO][Sync] Stopped: Edge Hub App Usage
2025-09-25 14:25:45.011: [INFO][Sync] Stopped: Edge Wallet
2025-09-25 14:29:15.602: [INFO][Sync] Reset engine, reason: 0
2025-09-26 14:45:15.690: [INFO][Sync] Reset engine, reason: 8
2025-09-26 14:45:15.690: [INFO][Sync] Stopped: Bookmarks
2025-09-26 14:45:15.690: [INFO][Sync] Stopped: Preferences
2025-09-26 14:45:15.690: [INFO][Sync] Stopped: Passwords
2025-09-26 14:45:15.690: [INFO][Sync] Stopped: Autofill Profiles
2025-09-26 14:45:15.690: [INFO][Sync] Stopped: Autofill
2025-09-26 14:45:15.690: [INFO][Sync] Stopped: Extensions
2025-09-26 14:45:15.690: [INFO][Sync] Stopped: Sessions
2025-09-26 14:45:15.690: [INFO][Sync] Stopped: Extension settings
2025-09-26 14:45:15.690: [INFO][Sync] Stopped: History Delete Directives
2025-09-26 14:45:15.690: [INFO][Sync] Stopped: Device Info
2025-09-26 14:45:15.690: [INFO][Sync] Stopped: User Consents
2025-09-26 14:45:15.690: [INFO][Sync] Stopped: Send Tab To Self
2025-09-26 14:45:15.690: [INFO][Sync] Stopped: Web Apps
2025-09-26 14:45:15.690: [INFO][Sync] Stopped: History
2025-09-26 14:45:15.690: [INFO][Sync] Stopped: Saved Tab Group
2025-09-26 14:45:15.690: [INFO][Sync] Stopped: WebAuthn Credentials
2025-09-26 14:45:15.690: [INFO][Sync] Stopped: Collection
2025-09-26 14:45:15.690: [INFO][Sync] Stopped: Edge E Drop
2025-09-26 14:45:15.690: [INFO][Sync] Stopped: Edge Hub App Usage
2025-09-26 14:45:15.690: [INFO][Sync] Stopped: Edge Wallet
2025-09-26 14:45:15.690: [INFO][Sync] SyncState after authenticated was: NotSignedIn
2025-09-26 14:45:15.941: [INFO][Sync] Reset engine, reason: 8
2025-09-26 14:45:15.941: [INFO][Sync] Stopped: Bookmarks
2025-09-26 14:45:15.941: [INFO][Sync] Stopped: Preferences
2025-09-26 14:45:15.941: [INFO][Sync] Stopped: Passwords
2025-09-26 14:45:15.941: [INFO][Sync] Stopped: Autofill Profiles
2025-09-26 14:45:15.941: [INFO][Sync] Stopped: Autofill
2025-09-26 14:45:15.941: [INFO][Sync] Stopped: Extensions
2025-09-26 14:45:15.941: [INFO][Sync] Stopped: Sessions
2025-09-26 14:45:15.941: [INFO][Sync] Stopped: Extension settings
2025-09-26 14:45:15.941: [INFO][Sync] Stopped: History Delete Directives
2025-09-26 14:45:15.941: [INFO][Sync] Stopped: Device Info
2025-09-26 14:45:15.941: [INFO][Sync] Stopped: User Consents
2025-09-26 14:45:15.941: [INFO][Sync] Stopped: Send Tab To Self
2025-09-26 14:45:15.941: [INFO][Sync] Stopped: Web Apps
2025-09-26 14:45:15.941: [INFO][Sync] Stopped: History
2025-09-26 14:45:15.941: [INFO][Sync] Stopped: Saved Tab Group
2025-09-26 14:45:15.941: [INFO][Sync] Stopped: WebAuthn Credentials
2025-09-26 14:45:15.941: [INFO][Sync] Stopped: Collection
2025-09-26 14:45:15.941: [INFO][Sync] Stopped: Edge E Drop
2025-09-26 14:45:15.941: [INFO][Sync] Stopped: Edge Hub App Usage
2025-09-26 14:45:15.941: [INFO][Sync] Stopped: Edge Wallet
2025-09-26 14:45:56.614: [INFO][Sync] Reset engine, reason: 0
2025-09-26 14:46:24.406: [INFO][Sync] Reset engine, reason: 8
2025-09-26 14:46:24.406: [INFO][Sync] Stopped: Bookmarks
2025-09-26 14:46:24.406: [INFO][Sync] Stopped: Preferences
2025-09-26 14:46:24.406: [INFO][Sync] Stopped: Passwords
2025-09-26 14:46:24.406: [INFO][Sync] Stopped: Autofill Profiles
2025-09-26 14:46:24.406: [INFO][Sync] Stopped: Autofill
2025-09-26 14:46:24.406: [INFO][Sync] Stopped: Extensions
2025-09-26 14:46:24.406: [INFO][Sync] Stopped: Sessions
2025-09-26 14:46:24.406: [INFO][Sync] Stopped: Extension settings
2025-09-26 14:46:24.406: [INFO][Sync] Stopped: History Delete Directives
2025-09-26 14:46:24.406: [INFO][Sync] Stopped: Device Info
2025-09-26 14:46:24.406: [INFO][Sync] Stopped: User Consents
2025-09-26 14:46:24.406: [INFO][Sync] Stopped: Send Tab To Self
2025-09-26 14:46:24.406: [INFO][Sync] Stopped: Web Apps
2025-09-26 14:46:24.406: [INFO][Sync] Stopped: History
2025-09-26 14:46:24.406: [INFO][Sync] Stopped: Saved Tab Group
2025-09-26 14:46:24.406: [INFO][Sync] Stopped: WebAuthn Credentials
2025-09-26 14:46:24.406: [INFO][Sync] Stopped: Collection
2025-09-26 14:46:24.406: [INFO][Sync] Stopped: Edge E Drop
2025-09-26 14:46:24.406: [INFO][Sync] Stopped: Edge Hub App Usage
2025-09-26 14:46:24.406: [INFO][Sync] Stopped: Edge Wallet
2025-09-26 14:46:24.406: [INFO][Sync] SyncState after authenticated was: NotSignedIn
2025-09-26 14:46:24.567: [INFO][Sync] Reset engine, reason: 8
2025-09-26 14:46:24.567: [INFO][Sync] Stopped: Bookmarks
2025-09-26 14:46:24.567: [INFO][Sync] Stopped: Preferences
2025-09-26 14:46:24.567: [INFO][Sync] Stopped: Passwords
2025-09-26 14:46:24.567: [INFO][Sync] Stopped: Autofill Profiles
2025-09-26 14:46:24.567: [INFO][Sync] Stopped: Autofill
2025-09-26 14:46:24.567: [INFO][Sync] Stopped: Extensions
2025-09-26 14:46:24.567: [INFO][Sync] Stopped: Sessions
2025-09-26 14:46:24.567: [INFO][Sync] Stopped: Extension settings
2025-09-26 14:46:24.567: [INFO][Sync] Stopped: History Delete Directives
2025-09-26 14:46:24.567: [INFO][Sync] Stopped: Device Info
2025-09-26 14:46:24.567: [INFO][Sync] Stopped: User Consents
2025-09-26 14:46:24.567: [INFO][Sync] Stopped: Send Tab To Self
2025-09-26 14:46:24.567: [INFO][Sync] Stopped: Web Apps
2025-09-26 14:46:24.567: [INFO][Sync] Stopped: History
2025-09-26 14:46:24.567: [INFO][Sync] Stopped: Saved Tab Group
2025-09-26 14:46:24.567: [INFO][Sync] Stopped: WebAuthn Credentials
2025-09-26 14:46:24.567: [INFO][Sync] Stopped: Collection
2025-09-26 14:46:24.567: [INFO][Sync] Stopped: Edge E Drop
2025-09-26 14:46:24.567: [INFO][Sync] Stopped: Edge Hub App Usage
2025-09-26 14:46:24.567: [INFO][Sync] Stopped: Edge Wallet
2025-09-26 15:12:41.761: [INFO][Sync] Reset engine, reason: 0
